INFO - 2024-01-26 07:40:12 --> Session: Class initialized using 'CodeIgniter\Session\Handlers\FileHandler' driver.
INFO - 2024-01-26 07:40:48 --> Session: Class initialized using 'CodeIgniter\Session\Handlers\FileHandler' driver.
INFO - 2024-01-26 07:40:56 --> Session: Class initialized using 'CodeIgniter\Session\Handlers\FileHandler' driver.
INFO - 2024-01-26 07:45:11 --> Session: Class initialized using 'CodeIgniter\Session\Handlers\FileHandler' driver.
CRITICAL - 2024-01-26 07:50:48 --> Call to undefined method app\Models\UsuariosModel::getUserByName
in SYSTEMPATH\Model.php on line 873.
 1 APPPATH\Controllers\Usuarios.php(76): CodeIgniter\Model->__call('getUserByName', [...])
 2 SYSTEMPATH\CodeIgniter.php(942): App\Controllers\Usuarios->validarUsuario()
 3 SYSTEMPATH\CodeIgniter.php(502): CodeIgniter\CodeIgniter->runController(Object(App\Controllers\Usuarios))
 4 SYSTEMPATH\CodeIgniter.php(361): CodeIgniter\CodeIgniter->handleRequest(null, Object(Config\Cache), false)
 5 FCPATH\index.php(79): CodeIgniter\CodeIgniter->run()
CRITICAL - 2024-01-26 07:51:02 --> Call to undefined method app\Models\UsuariosModel::getUserByName
in SYSTEMPATH\Model.php on line 873.
 1 APPPATH\Controllers\Usuarios.php(76): CodeIgniter\Model->__call('getUserByName', [...])
 2 SYSTEMPATH\CodeIgniter.php(942): App\Controllers\Usuarios->validarUsuario()
 3 SYSTEMPATH\CodeIgniter.php(502): CodeIgniter\CodeIgniter->runController(Object(App\Controllers\Usuarios))
 4 SYSTEMPATH\CodeIgniter.php(361): CodeIgniter\CodeIgniter->handleRequest(null, Object(Config\Cache), false)
 5 FCPATH\index.php(79): CodeIgniter\CodeIgniter->run()
CRITICAL - 2024-01-26 07:54:18 --> Call to undefined method app\Models\UsuariosModel::getUserByName
in SYSTEMPATH\Model.php on line 873.
 1 APPPATH\Controllers\Usuarios.php(76): CodeIgniter\Model->__call('getUserByName', [...])
 2 SYSTEMPATH\CodeIgniter.php(942): App\Controllers\Usuarios->validarUsuario()
 3 SYSTEMPATH\CodeIgniter.php(502): CodeIgniter\CodeIgniter->runController(Object(App\Controllers\Usuarios))
 4 SYSTEMPATH\CodeIgniter.php(361): CodeIgniter\CodeIgniter->handleRequest(null, Object(Config\Cache), false)
 5 FCPATH\index.php(79): CodeIgniter\CodeIgniter->run()
INFO - 2024-01-26 08:06:35 --> Session: Class initialized using 'CodeIgniter\Session\Handlers\FileHandler' driver.
INFO - 2024-01-26 08:11:43 --> Session: Class initialized using 'CodeIgniter\Session\Handlers\FileHandler' driver.
INFO - 2024-01-26 08:15:32 --> Session: Class initialized using 'CodeIgniter\Session\Handlers\FileHandler' driver.
INFO - 2024-01-26 08:15:45 --> Session: Class initialized using 'CodeIgniter\Session\Handlers\FileHandler' driver.
INFO - 2024-01-26 08:16:38 --> Session: Class initialized using 'CodeIgniter\Session\Handlers\FileHandler' driver.
INFO - 2024-01-26 08:16:49 --> Session: Class initialized using 'CodeIgniter\Session\Handlers\FileHandler' driver.
INFO - 2024-01-26 08:17:09 --> Session: Class initialized using 'CodeIgniter\Session\Handlers\FileHandler' driver.
INFO - 2024-01-26 08:23:59 --> Session: Class initialized using 'CodeIgniter\Session\Handlers\FileHandler' driver.
INFO - 2024-01-26 08:38:29 --> Session: Class initialized using 'CodeIgniter\Session\Handlers\FileHandler' driver.
INFO - 2024-01-26 08:42:46 --> Session: Class initialized using 'CodeIgniter\Session\Handlers\FileHandler' driver.
INFO - 2024-01-26 08:44:16 --> Session: Class initialized using 'CodeIgniter\Session\Handlers\FileHandler' driver.
INFO - 2024-01-26 08:44:40 --> Session: Class initialized using 'CodeIgniter\Session\Handlers\FileHandler' driver.
INFO - 2024-01-26 08:50:06 --> Session: Class initialized using 'CodeIgniter\Session\Handlers\FileHandler' driver.
INFO - 2024-01-26 09:05:02 --> Session: Class initialized using 'CodeIgniter\Session\Handlers\FileHandler' driver.
INFO - 2024-01-26 09:05:14 --> Session: Class initialized using 'CodeIgniter\Session\Handlers\FileHandler' driver.
INFO - 2024-01-26 09:06:52 --> Session: Class initialized using 'CodeIgniter\Session\Handlers\FileHandler' driver.
INFO - 2024-01-26 09:06:58 --> Session: Class initialized using 'CodeIgniter\Session\Handlers\FileHandler' driver.
INFO - 2024-01-26 09:15:38 --> Session: Class initialized using 'CodeIgniter\Session\Handlers\FileHandler' driver.
INFO - 2024-01-26 09:16:29 --> Session: Class initialized using 'CodeIgniter\Session\Handlers\FileHandler' driver.
INFO - 2024-01-26 09:18:31 --> Session: Class initialized using 'CodeIgniter\Session\Handlers\FileHandler' driver.
INFO - 2024-01-26 09:18:36 --> Session: Class initialized using 'CodeIgniter\Session\Handlers\FileHandler' driver.
INFO - 2024-01-26 09:19:54 --> Session: Class initialized using 'CodeIgniter\Session\Handlers\FileHandler' driver.
INFO - 2024-01-26 09:25:11 --> Session: Class initialized using 'CodeIgniter\Session\Handlers\FileHandler' driver.
INFO - 2024-01-26 09:27:00 --> Session: Class initialized using 'CodeIgniter\Session\Handlers\FileHandler' driver.
INFO - 2024-01-26 09:27:27 --> Session: Class initialized using 'CodeIgniter\Session\Handlers\FileHandler' driver.
INFO - 2024-01-26 11:03:26 --> Session: Class initialized using 'CodeIgniter\Session\Handlers\FileHandler' driver.
INFO - 2024-01-26 11:03:48 --> Session: Class initialized using 'CodeIgniter\Session\Handlers\FileHandler' driver.
INFO - 2024-01-26 11:06:00 --> Session: Class initialized using 'CodeIgniter\Session\Handlers\FileHandler' driver.
INFO - 2024-01-26 11:06:26 --> Session: Class initialized using 'CodeIgniter\Session\Handlers\FileHandler' driver.
CRITICAL - 2024-01-26 11:06:26 --> Undefined array key "usuario_activo"
in APPPATH\Controllers\Articulos.php on line 49.
 1 APPPATH\Controllers\Articulos.php(49): CodeIgniter\Debug\Exceptions->errorHandler(2, 'Undefined array key "usuario_activo"', 'C:\\xampp\\htdocs\\Wallapop\\app\\Controllers\\Articulos.php', 49)
 2 SYSTEMPATH\CodeIgniter.php(942): App\Controllers\Articulos->guardar()
 3 SYSTEMPATH\CodeIgniter.php(502): CodeIgniter\CodeIgniter->runController(Object(App\Controllers\Articulos))
 4 SYSTEMPATH\CodeIgniter.php(361): CodeIgniter\CodeIgniter->handleRequest(null, Object(Config\Cache), false)
 5 FCPATH\index.php(79): CodeIgniter\CodeIgniter->run()
INFO - 2024-01-26 11:06:56 --> Session: Class initialized using 'CodeIgniter\Session\Handlers\FileHandler' driver.
INFO - 2024-01-26 11:11:58 --> Session: Class initialized using 'CodeIgniter\Session\Handlers\FileHandler' driver.
CRITICAL - 2024-01-26 11:18:28 --> Invalid file: "templates/lista_Articulos.php"
in SYSTEMPATH\Exceptions\FrameworkException.php on line 39.
 1 SYSTEMPATH\View\View.php(216): CodeIgniter\Exceptions\FrameworkException::forInvalidFile('templates/lista_Articulos.php')
 2 SYSTEMPATH\Common.php(1190): CodeIgniter\View\View->render('templates/lista_Articulos', [], true)
 3 APPPATH\Controllers\Articulos.php(79): view('templates/lista_Articulos', [...])
 4 SYSTEMPATH\CodeIgniter.php(942): App\Controllers\Articulos->lista_articulos()
 5 SYSTEMPATH\CodeIgniter.php(502): CodeIgniter\CodeIgniter->runController(Object(App\Controllers\Articulos))
 6 SYSTEMPATH\CodeIgniter.php(361): CodeIgniter\CodeIgniter->handleRequest(null, Object(Config\Cache), false)
 7 FCPATH\index.php(79): CodeIgniter\CodeIgniter->run()
CRITICAL - 2024-01-26 11:18:42 --> Invalid file: "templates/lista_articulos.php"
in SYSTEMPATH\Exceptions\FrameworkException.php on line 39.
 1 SYSTEMPATH\View\View.php(216): CodeIgniter\Exceptions\FrameworkException::forInvalidFile('templates/lista_articulos.php')
 2 SYSTEMPATH\Common.php(1190): CodeIgniter\View\View->render('templates/lista_articulos', [], true)
 3 APPPATH\Controllers\Articulos.php(79): view('templates/lista_articulos', [...])
 4 SYSTEMPATH\CodeIgniter.php(942): App\Controllers\Articulos->lista_articulos()
 5 SYSTEMPATH\CodeIgniter.php(502): CodeIgniter\CodeIgniter->runController(Object(App\Controllers\Articulos))
 6 SYSTEMPATH\CodeIgniter.php(361): CodeIgniter\CodeIgniter->handleRequest(null, Object(Config\Cache), false)
 7 FCPATH\index.php(79): CodeIgniter\CodeIgniter->run()
CRITICAL - 2024-01-26 11:19:43 --> Invalid file: "templates/lista_articulos.php"
in SYSTEMPATH\Exceptions\FrameworkException.php on line 39.
 1 SYSTEMPATH\View\View.php(216): CodeIgniter\Exceptions\FrameworkException::forInvalidFile('templates/lista_articulos.php')
 2 SYSTEMPATH\Common.php(1190): CodeIgniter\View\View->render('templates/lista_articulos', [], true)
 3 APPPATH\Controllers\Articulos.php(79): view('templates/lista_articulos', [...])
 4 SYSTEMPATH\CodeIgniter.php(942): App\Controllers\Articulos->lista_articulos()
 5 SYSTEMPATH\CodeIgniter.php(502): CodeIgniter\CodeIgniter->runController(Object(App\Controllers\Articulos))
 6 SYSTEMPATH\CodeIgniter.php(361): CodeIgniter\CodeIgniter->handleRequest(null, Object(Config\Cache), false)
 7 FCPATH\index.php(79): CodeIgniter\CodeIgniter->run()
CRITICAL - 2024-01-26 11:19:58 --> Invalid file: "templates/lista_articulos.php"
in SYSTEMPATH\Exceptions\FrameworkException.php on line 39.
 1 SYSTEMPATH\View\View.php(216): CodeIgniter\Exceptions\FrameworkException::forInvalidFile('templates/lista_articulos.php')
 2 SYSTEMPATH\Common.php(1190): CodeIgniter\View\View->render('templates/lista_articulos', [], true)
 3 APPPATH\Controllers\Articulos.php(79): view('templates/lista_articulos', [...])
 4 SYSTEMPATH\CodeIgniter.php(942): App\Controllers\Articulos->lista_articulos()
 5 SYSTEMPATH\CodeIgniter.php(502): CodeIgniter\CodeIgniter->runController(Object(App\Controllers\Articulos))
 6 SYSTEMPATH\CodeIgniter.php(361): CodeIgniter\CodeIgniter->handleRequest(null, Object(Config\Cache), false)
 7 FCPATH\index.php(79): CodeIgniter\CodeIgniter->run()
CRITICAL - 2024-01-26 11:20:06 --> Invalid file: "templates/lista_articulos.php"
in SYSTEMPATH\Exceptions\FrameworkException.php on line 39.
 1 SYSTEMPATH\View\View.php(216): CodeIgniter\Exceptions\FrameworkException::forInvalidFile('templates/lista_articulos.php')
 2 SYSTEMPATH\Common.php(1190): CodeIgniter\View\View->render('templates/lista_articulos', [], true)
 3 APPPATH\Controllers\Articulos.php(79): view('templates/lista_articulos', [...])
 4 SYSTEMPATH\CodeIgniter.php(942): App\Controllers\Articulos->lista_articulos()
 5 SYSTEMPATH\CodeIgniter.php(502): CodeIgniter\CodeIgniter->runController(Object(App\Controllers\Articulos))
 6 SYSTEMPATH\CodeIgniter.php(361): CodeIgniter\CodeIgniter->handleRequest(null, Object(Config\Cache), false)
 7 FCPATH\index.php(79): CodeIgniter\CodeIgniter->run()
CRITICAL - 2024-01-26 11:20:17 --> Invalid file: "templates/lista_articulos.php"
in SYSTEMPATH\Exceptions\FrameworkException.php on line 39.
 1 SYSTEMPATH\View\View.php(216): CodeIgniter\Exceptions\FrameworkException::forInvalidFile('templates/lista_articulos.php')
 2 SYSTEMPATH\Common.php(1190): CodeIgniter\View\View->render('templates/lista_articulos', [], true)
 3 APPPATH\Controllers\Articulos.php(79): view('templates/lista_articulos', [...])
 4 SYSTEMPATH\CodeIgniter.php(942): App\Controllers\Articulos->lista_articulos()
 5 SYSTEMPATH\CodeIgniter.php(502): CodeIgniter\CodeIgniter->runController(Object(App\Controllers\Articulos))
 6 SYSTEMPATH\CodeIgniter.php(361): CodeIgniter\CodeIgniter->handleRequest(null, Object(Config\Cache), false)
 7 FCPATH\index.php(79): CodeIgniter\CodeIgniter->run()
CRITICAL - 2024-01-26 11:20:35 --> Invalid file: "lista_articulo.php"
in SYSTEMPATH\Exceptions\FrameworkException.php on line 39.
 1 SYSTEMPATH\View\View.php(216): CodeIgniter\Exceptions\FrameworkException::forInvalidFile('lista_articulo.php')
 2 SYSTEMPATH\Common.php(1190): CodeIgniter\View\View->render('lista_articulo', [], true)
 3 APPPATH\Controllers\Articulos.php(79): view('lista_articulo')
 4 SYSTEMPATH\CodeIgniter.php(942): App\Controllers\Articulos->lista_articulos()
 5 SYSTEMPATH\CodeIgniter.php(502): CodeIgniter\CodeIgniter->runController(Object(App\Controllers\Articulos))
 6 SYSTEMPATH\CodeIgniter.php(361): CodeIgniter\CodeIgniter->handleRequest(null, Object(Config\Cache), false)
 7 FCPATH\index.php(79): CodeIgniter\CodeIgniter->run()
CRITICAL - 2024-01-26 11:20:43 --> count(): Argument #1 ($value) must be of type Countable|array, null given
in APPPATH\Views\lista_articulos.php on line 5.
 1 SYSTEMPATH\View\View.php(228): include()
 2 SYSTEMPATH\View\View.php(231): CodeIgniter\View\View->CodeIgniter\View\{closure}()
 3 SYSTEMPATH\Common.php(1190): CodeIgniter\View\View->render('lista_articulos', [], true)
 4 APPPATH\Controllers\Articulos.php(79): view('lista_articulos')
 5 SYSTEMPATH\CodeIgniter.php(942): App\Controllers\Articulos->lista_articulos()
 6 SYSTEMPATH\CodeIgniter.php(502): CodeIgniter\CodeIgniter->runController(Object(App\Controllers\Articulos))
 7 SYSTEMPATH\CodeIgniter.php(361): CodeIgniter\CodeIgniter->handleRequest(null, Object(Config\Cache), false)
 8 FCPATH\index.php(79): CodeIgniter\CodeIgniter->run()
CRITICAL - 2024-01-26 11:22:08 --> Undefined variable $articulos
in APPPATH\Views\lista_articulos.php on line 13.
 1 APPPATH\Views\lista_articulos.php(13): CodeIgniter\Debug\Exceptions->errorHandler(2, 'Undefined variable $articulos', 'C:\\xampp\\htdocs\\Wallapop\\app\\Views\\lista_articulos.php', 13)
 2 SYSTEMPATH\View\View.php(228): include('C:\\xampp\\htdocs\\Wallapop\\app\\Views\\lista_articulos.php')
 3 SYSTEMPATH\View\View.php(231): CodeIgniter\View\View->CodeIgniter\View\{closure}()
 4 SYSTEMPATH\Common.php(1190): CodeIgniter\View\View->render('lista_articulos', [], true)
 5 APPPATH\Controllers\Articulos.php(79): view('lista_articulos')
 6 SYSTEMPATH\CodeIgniter.php(942): App\Controllers\Articulos->lista_articulos()
 7 SYSTEMPATH\CodeIgniter.php(502): CodeIgniter\CodeIgniter->runController(Object(App\Controllers\Articulos))
 8 SYSTEMPATH\CodeIgniter.php(361): CodeIgniter\CodeIgniter->handleRequest(null, Object(Config\Cache), false)
 9 FCPATH\index.php(79): CodeIgniter\CodeIgniter->run()
CRITICAL - 2024-01-26 11:22:18 --> Undefined variable $articulos
in APPPATH\Views\lista_articulos.php on line 13.
 1 APPPATH\Views\lista_articulos.php(13): CodeIgniter\Debug\Exceptions->errorHandler(2, 'Undefined variable $articulos', 'C:\\xampp\\htdocs\\Wallapop\\app\\Views\\lista_articulos.php', 13)
 2 SYSTEMPATH\View\View.php(228): include('C:\\xampp\\htdocs\\Wallapop\\app\\Views\\lista_articulos.php')
 3 SYSTEMPATH\View\View.php(231): CodeIgniter\View\View->CodeIgniter\View\{closure}()
 4 SYSTEMPATH\Common.php(1190): CodeIgniter\View\View->render('lista_articulos', [], true)
 5 APPPATH\Controllers\Articulos.php(79): view('lista_articulos')
 6 SYSTEMPATH\CodeIgniter.php(942): App\Controllers\Articulos->lista_articulos()
 7 SYSTEMPATH\CodeIgniter.php(502): CodeIgniter\CodeIgniter->runController(Object(App\Controllers\Articulos))
 8 SYSTEMPATH\CodeIgniter.php(361): CodeIgniter\CodeIgniter->handleRequest(null, Object(Config\Cache), false)
 9 FCPATH\index.php(79): CodeIgniter\CodeIgniter->run()
CRITICAL - 2024-01-26 11:22:56 --> Undefined variable $articulos
in APPPATH\Views\lista_articulos.php on line 13.
 1 APPPATH\Views\lista_articulos.php(13): CodeIgniter\Debug\Exceptions->errorHandler(2, 'Undefined variable $articulos', 'C:\\xampp\\htdocs\\Wallapop\\app\\Views\\lista_articulos.php', 13)
 2 SYSTEMPATH\View\View.php(228): include('C:\\xampp\\htdocs\\Wallapop\\app\\Views\\lista_articulos.php')
 3 SYSTEMPATH\View\View.php(231): CodeIgniter\View\View->CodeIgniter\View\{closure}()
 4 SYSTEMPATH\Common.php(1190): CodeIgniter\View\View->render('lista_articulos', [], true)
 5 APPPATH\Controllers\Articulos.php(79): view('lista_articulos')
 6 SYSTEMPATH\CodeIgniter.php(942): App\Controllers\Articulos->lista_articulos()
 7 SYSTEMPATH\CodeIgniter.php(502): CodeIgniter\CodeIgniter->runController(Object(App\Controllers\Articulos))
 8 SYSTEMPATH\CodeIgniter.php(361): CodeIgniter\CodeIgniter->handleRequest(null, Object(Config\Cache), false)
 9 FCPATH\index.php(79): CodeIgniter\CodeIgniter->run()
CRITICAL - 2024-01-26 11:24:40 --> Undefined variable $articulos
in APPPATH\Views\lista_articulos.php on line 13.
 1 APPPATH\Views\lista_articulos.php(13): CodeIgniter\Debug\Exceptions->errorHandler(2, 'Undefined variable $articulos', 'C:\\xampp\\htdocs\\Wallapop\\app\\Views\\lista_articulos.php', 13)
 2 SYSTEMPATH\View\View.php(228): include('C:\\xampp\\htdocs\\Wallapop\\app\\Views\\lista_articulos.php')
 3 SYSTEMPATH\View\View.php(231): CodeIgniter\View\View->CodeIgniter\View\{closure}()
 4 SYSTEMPATH\Common.php(1190): CodeIgniter\View\View->render('lista_articulos', [], true)
 5 APPPATH\Controllers\Articulos.php(79): view('lista_articulos')
 6 SYSTEMPATH\CodeIgniter.php(942): App\Controllers\Articulos->lista_articulos()
 7 SYSTEMPATH\CodeIgniter.php(502): CodeIgniter\CodeIgniter->runController(Object(App\Controllers\Articulos))
 8 SYSTEMPATH\CodeIgniter.php(361): CodeIgniter\CodeIgniter->handleRequest(null, Object(Config\Cache), false)
 9 FCPATH\index.php(79): CodeIgniter\CodeIgniter->run()
CRITICAL - 2024-01-26 11:26:36 --> Unclosed '{' on line 3
in APPPATH\Views\lista_articulos.php on line 22.
 1 SYSTEMPATH\View\View.php(231): CodeIgniter\View\View->CodeIgniter\View\{closure}()
 2 SYSTEMPATH\Common.php(1190): CodeIgniter\View\View->render('lista_articulos', [], true)
 3 APPPATH\Controllers\Articulos.php(79): view('lista_articulos')
 4 SYSTEMPATH\CodeIgniter.php(942): App\Controllers\Articulos->lista_articulos()
 5 SYSTEMPATH\CodeIgniter.php(502): CodeIgniter\CodeIgniter->runController(Object(App\Controllers\Articulos))
 6 SYSTEMPATH\CodeIgniter.php(361): CodeIgniter\CodeIgniter->handleRequest(null, Object(Config\Cache), false)
 7 FCPATH\index.php(79): CodeIgniter\CodeIgniter->run()
CRITICAL - 2024-01-26 11:27:05 --> count(): Argument #1 ($value) must be of type Countable|array, null given
in APPPATH\Views\lista_articulos.php on line 9.
 1 SYSTEMPATH\View\View.php(228): include()
 2 SYSTEMPATH\View\View.php(231): CodeIgniter\View\View->CodeIgniter\View\{closure}()
 3 SYSTEMPATH\Common.php(1190): CodeIgniter\View\View->render('lista_articulos', [], true)
 4 APPPATH\Controllers\Articulos.php(79): view('lista_articulos')
 5 SYSTEMPATH\CodeIgniter.php(942): App\Controllers\Articulos->lista_articulos()
 6 SYSTEMPATH\CodeIgniter.php(502): CodeIgniter\CodeIgniter->runController(Object(App\Controllers\Articulos))
 7 SYSTEMPATH\CodeIgniter.php(361): CodeIgniter\CodeIgniter->handleRequest(null, Object(Config\Cache), false)
 8 FCPATH\index.php(79): CodeIgniter\CodeIgniter->run()
CRITICAL - 2024-01-26 11:27:48 --> count(): Argument #1 ($value) must be of type Countable|array, null given
in APPPATH\Views\lista_articulos.php on line 9.
 1 SYSTEMPATH\View\View.php(228): include()
 2 SYSTEMPATH\View\View.php(231): CodeIgniter\View\View->CodeIgniter\View\{closure}()
 3 SYSTEMPATH\Common.php(1190): CodeIgniter\View\View->render('lista_articulos', [], true)
 4 APPPATH\Controllers\Articulos.php(79): view('lista_articulos')
 5 SYSTEMPATH\CodeIgniter.php(942): App\Controllers\Articulos->lista_articulos()
 6 SYSTEMPATH\CodeIgniter.php(502): CodeIgniter\CodeIgniter->runController(Object(App\Controllers\Articulos))
 7 SYSTEMPATH\CodeIgniter.php(361): CodeIgniter\CodeIgniter->handleRequest(null, Object(Config\Cache), false)
 8 FCPATH\index.php(79): CodeIgniter\CodeIgniter->run()
CRITICAL - 2024-01-26 11:28:17 --> Cannot access offset of type string on string
in APPPATH\Views\lista_articulos.php on line 11.
 1 SYSTEMPATH\View\View.php(228): include()
 2 SYSTEMPATH\View\View.php(231): CodeIgniter\View\View->CodeIgniter\View\{closure}()
 3 SYSTEMPATH\Common.php(1190): CodeIgniter\View\View->render('lista_articulos', [], true)
 4 APPPATH\Controllers\Articulos.php(79): view('lista_articulos')
 5 SYSTEMPATH\CodeIgniter.php(942): App\Controllers\Articulos->lista_articulos()
 6 SYSTEMPATH\CodeIgniter.php(502): CodeIgniter\CodeIgniter->runController(Object(App\Controllers\Articulos))
 7 SYSTEMPATH\CodeIgniter.php(361): CodeIgniter\CodeIgniter->handleRequest(null, Object(Config\Cache), false)
 8 FCPATH\index.php(79): CodeIgniter\CodeIgniter->run()
CRITICAL - 2024-01-26 11:31:17 --> Cannot access offset of type string on string
in APPPATH\Views\lista_articulos.php on line 11.
 1 SYSTEMPATH\View\View.php(228): include()
 2 SYSTEMPATH\View\View.php(231): CodeIgniter\View\View->CodeIgniter\View\{closure}()
 3 SYSTEMPATH\Common.php(1190): CodeIgniter\View\View->render('lista_articulos', [], true)
 4 APPPATH\Controllers\Articulos.php(79): view('lista_articulos')
 5 SYSTEMPATH\CodeIgniter.php(942): App\Controllers\Articulos->lista_articulos()
 6 SYSTEMPATH\CodeIgniter.php(502): CodeIgniter\CodeIgniter->runController(Object(App\Controllers\Articulos))
 7 SYSTEMPATH\CodeIgniter.php(361): CodeIgniter\CodeIgniter->handleRequest(null, Object(Config\Cache), false)
 8 FCPATH\index.php(79): CodeIgniter\CodeIgniter->run()
CRITICAL - 2024-01-26 11:31:38 --> Cannot access offset of type string on string
in APPPATH\Views\lista_articulos.php on line 11.
 1 SYSTEMPATH\View\View.php(228): include()
 2 SYSTEMPATH\View\View.php(231): CodeIgniter\View\View->CodeIgniter\View\{closure}()
 3 SYSTEMPATH\Common.php(1190): CodeIgniter\View\View->render('lista_articulos', [], true)
 4 APPPATH\Controllers\Articulos.php(79): view('lista_articulos')
 5 SYSTEMPATH\CodeIgniter.php(942): App\Controllers\Articulos->lista_articulos()
 6 SYSTEMPATH\CodeIgniter.php(502): CodeIgniter\CodeIgniter->runController(Object(App\Controllers\Articulos))
 7 SYSTEMPATH\CodeIgniter.php(361): CodeIgniter\CodeIgniter->handleRequest(null, Object(Config\Cache), false)
 8 FCPATH\index.php(79): CodeIgniter\CodeIgniter->run()
CRITICAL - 2024-01-26 11:31:41 --> Cannot access offset of type string on string
in APPPATH\Views\lista_articulos.php on line 11.
 1 SYSTEMPATH\View\View.php(228): include()
 2 SYSTEMPATH\View\View.php(231): CodeIgniter\View\View->CodeIgniter\View\{closure}()
 3 SYSTEMPATH\Common.php(1190): CodeIgniter\View\View->render('lista_articulos', [], true)
 4 APPPATH\Controllers\Articulos.php(79): view('lista_articulos')
 5 SYSTEMPATH\CodeIgniter.php(942): App\Controllers\Articulos->lista_articulos()
 6 SYSTEMPATH\CodeIgniter.php(502): CodeIgniter\CodeIgniter->runController(Object(App\Controllers\Articulos))
 7 SYSTEMPATH\CodeIgniter.php(361): CodeIgniter\CodeIgniter->handleRequest(null, Object(Config\Cache), false)
 8 FCPATH\index.php(79): CodeIgniter\CodeIgniter->run()
CRITICAL - 2024-01-26 11:31:44 --> Cannot access offset of type string on string
in APPPATH\Views\lista_articulos.php on line 11.
 1 SYSTEMPATH\View\View.php(228): include()
 2 SYSTEMPATH\View\View.php(231): CodeIgniter\View\View->CodeIgniter\View\{closure}()
 3 SYSTEMPATH\Common.php(1190): CodeIgniter\View\View->render('lista_articulos', [], true)
 4 APPPATH\Controllers\Articulos.php(79): view('lista_articulos')
 5 SYSTEMPATH\CodeIgniter.php(942): App\Controllers\Articulos->lista_articulos()
 6 SYSTEMPATH\CodeIgniter.php(502): CodeIgniter\CodeIgniter->runController(Object(App\Controllers\Articulos))
 7 SYSTEMPATH\CodeIgniter.php(361): CodeIgniter\CodeIgniter->handleRequest(null, Object(Config\Cache), false)
 8 FCPATH\index.php(79): CodeIgniter\CodeIgniter->run()
CRITICAL - 2024-01-26 11:31:45 --> Cannot access offset of type string on string
in APPPATH\Views\lista_articulos.php on line 11.
 1 SYSTEMPATH\View\View.php(228): include()
 2 SYSTEMPATH\View\View.php(231): CodeIgniter\View\View->CodeIgniter\View\{closure}()
 3 SYSTEMPATH\Common.php(1190): CodeIgniter\View\View->render('lista_articulos', [], true)
 4 APPPATH\Controllers\Articulos.php(79): view('lista_articulos')
 5 SYSTEMPATH\CodeIgniter.php(942): App\Controllers\Articulos->lista_articulos()
 6 SYSTEMPATH\CodeIgniter.php(502): CodeIgniter\CodeIgniter->runController(Object(App\Controllers\Articulos))
 7 SYSTEMPATH\CodeIgniter.php(361): CodeIgniter\CodeIgniter->handleRequest(null, Object(Config\Cache), false)
 8 FCPATH\index.php(79): CodeIgniter\CodeIgniter->run()
CRITICAL - 2024-01-26 11:31:47 --> Cannot access offset of type string on string
in APPPATH\Views\lista_articulos.php on line 11.
 1 SYSTEMPATH\View\View.php(228): include()
 2 SYSTEMPATH\View\View.php(231): CodeIgniter\View\View->CodeIgniter\View\{closure}()
 3 SYSTEMPATH\Common.php(1190): CodeIgniter\View\View->render('lista_articulos', [], true)
 4 APPPATH\Controllers\Articulos.php(79): view('lista_articulos')
 5 SYSTEMPATH\CodeIgniter.php(942): App\Controllers\Articulos->lista_articulos()
 6 SYSTEMPATH\CodeIgniter.php(502): CodeIgniter\CodeIgniter->runController(Object(App\Controllers\Articulos))
 7 SYSTEMPATH\CodeIgniter.php(361): CodeIgniter\CodeIgniter->handleRequest(null, Object(Config\Cache), false)
 8 FCPATH\index.php(79): CodeIgniter\CodeIgniter->run()
CRITICAL - 2024-01-26 11:38:17 --> Undefined variable $rutaimagen
in APPPATH\Views\lista_articulos.php on line 13.
 1 APPPATH\Views\lista_articulos.php(13): CodeIgniter\Debug\Exceptions->errorHandler(2, 'Undefined variable $rutaimagen', 'C:\\xampp\\htdocs\\Wallapop\\app\\Views\\lista_articulos.php', 13)
 2 SYSTEMPATH\View\View.php(228): include('C:\\xampp\\htdocs\\Wallapop\\app\\Views\\lista_articulos.php')
 3 SYSTEMPATH\View\View.php(231): CodeIgniter\View\View->CodeIgniter\View\{closure}()
 4 SYSTEMPATH\Common.php(1190): CodeIgniter\View\View->render('lista_articulos', [], true)
 5 APPPATH\Controllers\Articulos.php(79): view('lista_articulos')
 6 SYSTEMPATH\CodeIgniter.php(942): App\Controllers\Articulos->lista_articulos()
 7 SYSTEMPATH\CodeIgniter.php(502): CodeIgniter\CodeIgniter->runController(Object(App\Controllers\Articulos))
 8 SYSTEMPATH\CodeIgniter.php(361): CodeIgniter\CodeIgniter->handleRequest(null, Object(Config\Cache), false)
 9 FCPATH\index.php(79): CodeIgniter\CodeIgniter->run()
CRITICAL - 2024-01-26 11:38:29 --> Undefined variable $nombre
in APPPATH\Views\lista_articulos.php on line 13.
 1 APPPATH\Views\lista_articulos.php(13): CodeIgniter\Debug\Exceptions->errorHandler(2, 'Undefined variable $nombre', 'C:\\xampp\\htdocs\\Wallapop\\app\\Views\\lista_articulos.php', 13)
 2 SYSTEMPATH\View\View.php(228): include('C:\\xampp\\htdocs\\Wallapop\\app\\Views\\lista_articulos.php')
 3 SYSTEMPATH\View\View.php(231): CodeIgniter\View\View->CodeIgniter\View\{closure}()
 4 SYSTEMPATH\Common.php(1190): CodeIgniter\View\View->render('lista_articulos', [], true)
 5 APPPATH\Controllers\Articulos.php(79): view('lista_articulos')
 6 SYSTEMPATH\CodeIgniter.php(942): App\Controllers\Articulos->lista_articulos()
 7 SYSTEMPATH\CodeIgniter.php(502): CodeIgniter\CodeIgniter->runController(Object(App\Controllers\Articulos))
 8 SYSTEMPATH\CodeIgniter.php(361): CodeIgniter\CodeIgniter->handleRequest(null, Object(Config\Cache), false)
 9 FCPATH\index.php(79): CodeIgniter\CodeIgniter->run()
INFO - 2024-01-26 11:38:41 --> Session: Class initialized using 'CodeIgniter\Session\Handlers\FileHandler' driver.
CRITICAL - 2024-01-26 11:39:08 --> count(): Argument #1 ($value) must be of type Countable|array, null given
in APPPATH\Views\lista_articulos.php on line 15.
 1 SYSTEMPATH\View\View.php(228): include()
 2 SYSTEMPATH\View\View.php(231): CodeIgniter\View\View->CodeIgniter\View\{closure}()
 3 SYSTEMPATH\Common.php(1190): CodeIgniter\View\View->render('lista_articulos', [], true)
 4 APPPATH\Controllers\Articulos.php(79): view('lista_articulos')
 5 SYSTEMPATH\CodeIgniter.php(942): App\Controllers\Articulos->lista_articulos()
 6 SYSTEMPATH\CodeIgniter.php(502): CodeIgniter\CodeIgniter->runController(Object(App\Controllers\Articulos))
 7 SYSTEMPATH\CodeIgniter.php(361): CodeIgniter\CodeIgniter->handleRequest(null, Object(Config\Cache), false)
 8 FCPATH\index.php(79): CodeIgniter\CodeIgniter->run()
INFO - 2024-01-26 11:42:01 --> Session: Class initialized using 'CodeIgniter\Session\Handlers\FileHandler' driver.
INFO - 2024-01-26 11:47:12 --> Session: Class initialized using 'CodeIgniter\Session\Handlers\FileHandler' driver.
CRITICAL - 2024-01-26 11:47:27 --> count(): Argument #1 ($value) must be of type Countable|array, null given
in APPPATH\Views\lista_articulos.php on line 9.
 1 SYSTEMPATH\View\View.php(228): include()
 2 SYSTEMPATH\View\View.php(231): CodeIgniter\View\View->CodeIgniter\View\{closure}()
 3 SYSTEMPATH\Common.php(1190): CodeIgniter\View\View->render('lista_articulos', [], true)
 4 APPPATH\Controllers\Articulos.php(79): view('lista_articulos')
 5 SYSTEMPATH\CodeIgniter.php(942): App\Controllers\Articulos->lista_articulos()
 6 SYSTEMPATH\CodeIgniter.php(502): CodeIgniter\CodeIgniter->runController(Object(App\Controllers\Articulos))
 7 SYSTEMPATH\CodeIgniter.php(361): CodeIgniter\CodeIgniter->handleRequest(null, Object(Config\Cache), false)
 8 FCPATH\index.php(79): CodeIgniter\CodeIgniter->run()
INFO - 2024-01-26 11:47:28 --> Session: Class initialized using 'CodeIgniter\Session\Handlers\FileHandler' driver.
CRITICAL - 2024-01-26 11:48:40 --> count(): Argument #1 ($value) must be of type Countable|array, null given
in APPPATH\Views\lista_articulos.php on line 9.
 1 SYSTEMPATH\View\View.php(228): include()
 2 SYSTEMPATH\View\View.php(231): CodeIgniter\View\View->CodeIgniter\View\{closure}()
 3 SYSTEMPATH\Common.php(1190): CodeIgniter\View\View->render('lista_articulos', [], true)
 4 APPPATH\Controllers\Articulos.php(79): view('lista_articulos')
 5 SYSTEMPATH\CodeIgniter.php(942): App\Controllers\Articulos->lista_articulos()
 6 SYSTEMPATH\CodeIgniter.php(502): CodeIgniter\CodeIgniter->runController(Object(App\Controllers\Articulos))
 7 SYSTEMPATH\CodeIgniter.php(361): CodeIgniter\CodeIgniter->handleRequest(null, Object(Config\Cache), false)
 8 FCPATH\index.php(79): CodeIgniter\CodeIgniter->run()
CRITICAL - 2024-01-26 11:48:40 --> count(): Argument #1 ($value) must be of type Countable|array, null given
in APPPATH\Views\lista_articulos.php on line 9.
 1 SYSTEMPATH\View\View.php(228): include()
 2 SYSTEMPATH\View\View.php(231): CodeIgniter\View\View->CodeIgniter\View\{closure}()
 3 SYSTEMPATH\Common.php(1190): CodeIgniter\View\View->render('lista_articulos', [], true)
 4 APPPATH\Controllers\Articulos.php(79): view('lista_articulos')
 5 SYSTEMPATH\CodeIgniter.php(942): App\Controllers\Articulos->lista_articulos()
 6 SYSTEMPATH\CodeIgniter.php(502): CodeIgniter\CodeIgniter->runController(Object(App\Controllers\Articulos))
 7 SYSTEMPATH\CodeIgniter.php(361): CodeIgniter\CodeIgniter->handleRequest(null, Object(Config\Cache), false)
 8 FCPATH\index.php(79): CodeIgniter\CodeIgniter->run()
CRITICAL - 2024-01-26 11:49:34 --> count(): Argument #1 ($value) must be of type Countable|array, null given
in APPPATH\Views\lista_articulos.php on line 9.
 1 SYSTEMPATH\View\View.php(228): include()
 2 SYSTEMPATH\View\View.php(231): CodeIgniter\View\View->CodeIgniter\View\{closure}()
 3 SYSTEMPATH\Common.php(1190): CodeIgniter\View\View->render('lista_articulos', [], true)
 4 APPPATH\Controllers\Articulos.php(79): view('lista_articulos')
 5 SYSTEMPATH\CodeIgniter.php(942): App\Controllers\Articulos->lista_articulos()
 6 SYSTEMPATH\CodeIgniter.php(502): CodeIgniter\CodeIgniter->runController(Object(App\Controllers\Articulos))
 7 SYSTEMPATH\CodeIgniter.php(361): CodeIgniter\CodeIgniter->handleRequest(null, Object(Config\Cache), false)
 8 FCPATH\index.php(79): CodeIgniter\CodeIgniter->run()
CRITICAL - 2024-01-26 11:50:02 --> count(): Argument #1 ($value) must be of type Countable|array, null given
in APPPATH\Views\lista_articulos.php on line 9.
 1 SYSTEMPATH\View\View.php(228): include()
 2 SYSTEMPATH\View\View.php(231): CodeIgniter\View\View->CodeIgniter\View\{closure}()
 3 SYSTEMPATH\Common.php(1190): CodeIgniter\View\View->render('lista_articulos', [], true)
 4 APPPATH\Controllers\Articulos.php(79): view('lista_articulos')
 5 SYSTEMPATH\CodeIgniter.php(942): App\Controllers\Articulos->lista_articulos()
 6 SYSTEMPATH\CodeIgniter.php(502): CodeIgniter\CodeIgniter->runController(Object(App\Controllers\Articulos))
 7 SYSTEMPATH\CodeIgniter.php(361): CodeIgniter\CodeIgniter->handleRequest(null, Object(Config\Cache), false)
 8 FCPATH\index.php(79): CodeIgniter\CodeIgniter->run()
CRITICAL - 2024-01-26 11:55:19 --> count(): Argument #1 ($value) must be of type Countable|array, null given
in APPPATH\Views\lista_articulos.php on line 9.
 1 SYSTEMPATH\View\View.php(228): include()
 2 SYSTEMPATH\View\View.php(231): CodeIgniter\View\View->CodeIgniter\View\{closure}()
 3 SYSTEMPATH\Common.php(1190): CodeIgniter\View\View->render('lista_articulos', [], true)
 4 APPPATH\Controllers\Articulos.php(79): view('lista_articulos')
 5 SYSTEMPATH\CodeIgniter.php(942): App\Controllers\Articulos->lista_articulos()
 6 SYSTEMPATH\CodeIgniter.php(502): CodeIgniter\CodeIgniter->runController(Object(App\Controllers\Articulos))
 7 SYSTEMPATH\CodeIgniter.php(361): CodeIgniter\CodeIgniter->handleRequest(null, Object(Config\Cache), false)
 8 FCPATH\index.php(79): CodeIgniter\CodeIgniter->run()
CRITICAL - 2024-01-26 11:56:18 --> count(): Argument #1 ($value) must be of type Countable|array, null given
in APPPATH\Views\lista_articulos.php on line 9.
 1 SYSTEMPATH\View\View.php(228): include()
 2 SYSTEMPATH\View\View.php(231): CodeIgniter\View\View->CodeIgniter\View\{closure}()
 3 SYSTEMPATH\Common.php(1190): CodeIgniter\View\View->render('lista_articulos', [], true)
 4 APPPATH\Controllers\Articulos.php(79): view('lista_articulos')
 5 SYSTEMPATH\CodeIgniter.php(942): App\Controllers\Articulos->lista_articulos()
 6 SYSTEMPATH\CodeIgniter.php(502): CodeIgniter\CodeIgniter->runController(Object(App\Controllers\Articulos))
 7 SYSTEMPATH\CodeIgniter.php(361): CodeIgniter\CodeIgniter->handleRequest(null, Object(Config\Cache), false)
 8 FCPATH\index.php(79): CodeIgniter\CodeIgniter->run()
INFO - 2024-01-26 12:02:42 --> Session: Class initialized using 'CodeIgniter\Session\Handlers\FileHandler' driver.
CRITICAL - 2024-01-26 12:05:11 --> Unsupported operand types: string + string
in APPPATH\Views\lista_articulos.php on line 14.
 1 SYSTEMPATH\View\View.php(228): include()
 2 SYSTEMPATH\View\View.php(231): CodeIgniter\View\View->CodeIgniter\View\{closure}()
 3 SYSTEMPATH\Common.php(1190): CodeIgniter\View\View->render('lista_articulos', [], true)
 4 APPPATH\Controllers\Articulos.php(63): view('lista_articulos')
 5 SYSTEMPATH\CodeIgniter.php(942): App\Controllers\Articulos->lista_articulos()
 6 SYSTEMPATH\CodeIgniter.php(502): CodeIgniter\CodeIgniter->runController(Object(App\Controllers\Articulos))
 7 SYSTEMPATH\CodeIgniter.php(361): CodeIgniter\CodeIgniter->handleRequest(null, Object(Config\Cache), false)
 8 FCPATH\index.php(79): CodeIgniter\CodeIgniter->run()
CRITICAL - 2024-01-26 12:07:03 --> A non-numeric value encountered
in APPPATH\Views\lista_articulos.php on line 16.
 1 APPPATH\Views\lista_articulos.php(16): CodeIgniter\Debug\Exceptions->errorHandler(2, 'A non-numeric value encountered', 'C:\\xampp\\htdocs\\Wallapop\\app\\Views\\lista_articulos.php', 16)
 2 SYSTEMPATH\View\View.php(228): include('C:\\xampp\\htdocs\\Wallapop\\app\\Views\\lista_articulos.php')
 3 SYSTEMPATH\View\View.php(231): CodeIgniter\View\View->CodeIgniter\View\{closure}()
 4 SYSTEMPATH\Common.php(1190): CodeIgniter\View\View->render('lista_articulos', [], true)
 5 APPPATH\Controllers\Articulos.php(63): view('lista_articulos')
 6 SYSTEMPATH\CodeIgniter.php(942): App\Controllers\Articulos->lista_articulos()
 7 SYSTEMPATH\CodeIgniter.php(502): CodeIgniter\CodeIgniter->runController(Object(App\Controllers\Articulos))
 8 SYSTEMPATH\CodeIgniter.php(361): CodeIgniter\CodeIgniter->handleRequest(null, Object(Config\Cache), false)
 9 FCPATH\index.php(79): CodeIgniter\CodeIgniter->run()
CRITICAL - 2024-01-26 12:10:43 --> Cannot access offset of type string on string
in APPPATH\Views\lista_articulos.php on line 17.
 1 SYSTEMPATH\View\View.php(228): include()
 2 SYSTEMPATH\View\View.php(231): CodeIgniter\View\View->CodeIgniter\View\{closure}()
 3 SYSTEMPATH\Common.php(1190): CodeIgniter\View\View->render('lista_articulos', [], true)
 4 APPPATH\Controllers\Articulos.php(63): view('lista_articulos')
 5 SYSTEMPATH\CodeIgniter.php(942): App\Controllers\Articulos->lista_articulos()
 6 SYSTEMPATH\CodeIgniter.php(502): CodeIgniter\CodeIgniter->runController(Object(App\Controllers\Articulos))
 7 SYSTEMPATH\CodeIgniter.php(361): CodeIgniter\CodeIgniter->handleRequest(null, Object(Config\Cache), false)
 8 FCPATH\index.php(79): CodeIgniter\CodeIgniter->run()
INFO - 2024-01-26 12:15:52 --> Session: Class initialized using 'CodeIgniter\Session\Handlers\FileHandler' driver.
INFO - 2024-01-26 12:15:55 --> Session: Class initialized using 'CodeIgniter\Session\Handlers\FileHandler' driver.
INFO - 2024-01-26 12:16:00 --> Session: Class initialized using 'CodeIgniter\Session\Handlers\FileHandler' driver.
INFO - 2024-01-26 12:24:09 --> Session: Class initialized using 'CodeIgniter\Session\Handlers\FileHandler' driver.
INFO - 2024-01-26 12:30:10 --> Session: Class initialized using 'CodeIgniter\Session\Handlers\FileHandler' driver.
INFO - 2024-01-26 12:30:12 --> Session: Class initialized using 'CodeIgniter\Session\Handlers\FileHandler' driver.
CRITICAL - 2024-01-26 12:36:25 --> Call to undefined function destruirSesion()
in APPPATH\Views\home.php on line 8.
 1 SYSTEMPATH\View\View.php(228): include()
 2 SYSTEMPATH\View\View.php(231): CodeIgniter\View\View->CodeIgniter\View\{closure}()
 3 SYSTEMPATH\Common.php(1190): CodeIgniter\View\View->render('home', [], true)
 4 APPPATH\Controllers\Articulos.php(75): view('home')
 5 SYSTEMPATH\CodeIgniter.php(942): App\Controllers\Articulos->home()
 6 SYSTEMPATH\CodeIgniter.php(502): CodeIgniter\CodeIgniter->runController(Object(App\Controllers\Articulos))
 7 SYSTEMPATH\CodeIgniter.php(361): CodeIgniter\CodeIgniter->handleRequest(null, Object(Config\Cache), false)
 8 FCPATH\index.php(79): CodeIgniter\CodeIgniter->run()
INFO - 2024-01-26 12:36:27 --> Session: Class initialized using 'CodeIgniter\Session\Handlers\FileHandler' driver.
CRITICAL - 2024-01-26 12:36:28 --> Call to undefined function destruirSesion()
in APPPATH\Views\home.php on line 8.
 1 SYSTEMPATH\View\View.php(228): include()
 2 SYSTEMPATH\View\View.php(231): CodeIgniter\View\View->CodeIgniter\View\{closure}()
 3 SYSTEMPATH\Common.php(1190): CodeIgniter\View\View->render('home', [], true)
 4 APPPATH\Controllers\Articulos.php(75): view('home')
 5 SYSTEMPATH\CodeIgniter.php(942): App\Controllers\Articulos->home()
 6 SYSTEMPATH\CodeIgniter.php(502): CodeIgniter\CodeIgniter->runController(Object(App\Controllers\Articulos))
 7 SYSTEMPATH\CodeIgniter.php(361): CodeIgniter\CodeIgniter->handleRequest(null, Object(Config\Cache), false)
 8 FCPATH\index.php(79): CodeIgniter\CodeIgniter->run()
INFO - 2024-01-26 12:36:30 --> Session: Class initialized using 'CodeIgniter\Session\Handlers\FileHandler' driver.
INFO - 2024-01-26 12:36:33 --> Session: Class initialized using 'CodeIgniter\Session\Handlers\FileHandler' driver.
CRITICAL - 2024-01-26 12:36:34 --> Call to undefined function destruirSesion()
in APPPATH\Views\home.php on line 8.
 1 SYSTEMPATH\View\View.php(228): include()
 2 SYSTEMPATH\View\View.php(231): CodeIgniter\View\View->CodeIgniter\View\{closure}()
 3 SYSTEMPATH\Common.php(1190): CodeIgniter\View\View->render('home', [], true)
 4 APPPATH\Controllers\Articulos.php(75): view('home')
 5 SYSTEMPATH\CodeIgniter.php(942): App\Controllers\Articulos->home()
 6 SYSTEMPATH\CodeIgniter.php(502): CodeIgniter\CodeIgniter->runController(Object(App\Controllers\Articulos))
 7 SYSTEMPATH\CodeIgniter.php(361): CodeIgniter\CodeIgniter->handleRequest(null, Object(Config\Cache), false)
 8 FCPATH\index.php(79): CodeIgniter\CodeIgniter->run()
INFO - 2024-01-26 12:36:40 --> Session: Class initialized using 'CodeIgniter\Session\Handlers\FileHandler' driver.
INFO - 2024-01-26 12:36:40 --> Session: Class initialized using 'CodeIgniter\Session\Handlers\FileHandler' driver.
INFO - 2024-01-26 12:37:11 --> Session: Class initialized using 'CodeIgniter\Session\Handlers\FileHandler' driver.
INFO - 2024-01-26 12:37:17 --> Session: Class initialized using 'CodeIgniter\Session\Handlers\FileHandler' driver.
INFO - 2024-01-26 12:37:49 --> Session: Class initialized using 'CodeIgniter\Session\Handlers\FileHandler' driver.
INFO - 2024-01-26 12:38:19 --> Session: Class initialized using 'CodeIgniter\Session\Handlers\FileHandler' driver.
INFO - 2024-01-26 12:38:32 --> Session: Class initialized using 'CodeIgniter\Session\Handlers\FileHandler' driver.
INFO - 2024-01-26 12:57:14 --> Session: Class initialized using 'CodeIgniter\Session\Handlers\FileHandler' driver.
INFO - 2024-01-26 12:57:32 --> Session: Class initialized using 'CodeIgniter\Session\Handlers\FileHandler' driver.
INFO - 2024-01-26 12:58:01 --> Session: Class initialized using 'CodeIgniter\Session\Handlers\FileHandler' driver.
INFO - 2024-01-26 12:58:04 --> Session: Class initialized using 'CodeIgniter\Session\Handlers\FileHandler' driver.
INFO - 2024-01-26 12:58:14 --> Session: Class initialized using 'CodeIgniter\Session\Handlers\FileHandler' driver.
INFO - 2024-01-26 12:58:35 --> Session: Class initialized using 'CodeIgniter\Session\Handlers\FileHandler' driver.
INFO - 2024-01-26 13:15:52 --> Session: Class initialized using 'CodeIgniter\Session\Handlers\FileHandler' driver.
INFO - 2024-01-26 13:16:15 --> Session: Class initialized using 'CodeIgniter\Session\Handlers\FileHandler' driver.
INFO - 2024-01-26 13:22:01 --> Session: Class initialized using 'CodeIgniter\Session\Handlers\FileHandler' driver.
INFO - 2024-01-26 13:22:17 --> Session: Class initialized using 'CodeIgniter\Session\Handlers\FileHandler' driver.
ERROR - 2024-01-26 13:22:17 --> mysqli_sql_exception: Column 'id_usuario' cannot be null in C:\xampp\htdocs\Wallapop\system\Database\MySQLi\Connection.php:306
Stack trace:
#0 C:\xampp\htdocs\Wallapop\system\Database\MySQLi\Connection.php(306): mysqli->query('INSERT INTO `ar...', 0)
#1 C:\xampp\htdocs\Wallapop\system\Database\BaseConnection.php(693): CodeIgniter\Database\MySQLi\Connection->execute('INSERT INTO `ar...')
#2 C:\xampp\htdocs\Wallapop\system\Database\BaseConnection.php(607): CodeIgniter\Database\BaseConnection->simpleQuery('INSERT INTO `ar...')
#3 C:\xampp\htdocs\Wallapop\system\Database\BaseBuilder.php(2308): CodeIgniter\Database\BaseConnection->query('INSERT INTO `ar...', Array, false)
#4 C:\xampp\htdocs\Wallapop\system\Model.php(319): CodeIgniter\Database\BaseBuilder->insert()
#5 C:\xampp\htdocs\Wallapop\system\BaseModel.php(788): CodeIgniter\Model->doInsert(Array)
#6 C:\xampp\htdocs\Wallapop\system\Model.php(715): CodeIgniter\BaseModel->insert(Array, false)
#7 C:\xampp\htdocs\Wallapop\system\BaseModel.php(698): CodeIgniter\Model->insert(Array, false)
#8 C:\xampp\htdocs\Wallapop\app\Controllers\Articulos.php(53): CodeIgniter\BaseModel->save(Array)
#9 C:\xampp\htdocs\Wallapop\system\CodeIgniter.php(942): App\Controllers\Articulos->guardar()
#10 C:\xampp\htdocs\Wallapop\system\CodeIgniter.php(502): CodeIgniter\CodeIgniter->runController(Object(App\Controllers\Articulos))
#11 C:\xampp\htdocs\Wallapop\system\CodeIgniter.php(361): CodeIgniter\CodeIgniter->handleRequest(NULL, Object(Config\Cache), false)
#12 C:\xampp\htdocs\Wallapop\public\index.php(79): CodeIgniter\CodeIgniter->run()
#13 {main}
CRITICAL - 2024-01-26 13:22:17 --> Column 'id_usuario' cannot be null
in SYSTEMPATH\Database\BaseConnection.php on line 647.
 1 SYSTEMPATH\Database\BaseBuilder.php(2308): CodeIgniter\Database\BaseConnection->query('INSERT INTO `articulos` (`nombre`, `marca`, `precio`, `imagen`, `id_usuario`) VALUES (:nombre:, :marca:, :precio:, :imagen:, :id_usuario:)', [...], false)
 2 SYSTEMPATH\Model.php(319): CodeIgniter\Database\BaseBuilder->insert()
 3 SYSTEMPATH\BaseModel.php(788): CodeIgniter\Model->doInsert([...])
 4 SYSTEMPATH\Model.php(715): CodeIgniter\BaseModel->insert([...], false)
 5 SYSTEMPATH\BaseModel.php(698): CodeIgniter\Model->insert([...], false)
 6 APPPATH\Controllers\Articulos.php(53): CodeIgniter\BaseModel->save([...])
 7 SYSTEMPATH\CodeIgniter.php(942): App\Controllers\Articulos->guardar()
 8 SYSTEMPATH\CodeIgniter.php(502): CodeIgniter\CodeIgniter->runController(Object(App\Controllers\Articulos))
 9 SYSTEMPATH\CodeIgniter.php(361): CodeIgniter\CodeIgniter->handleRequest(null, Object(Config\Cache), false)
10 FCPATH\index.php(79): CodeIgniter\CodeIgniter->run()
INFO - 2024-01-26 13:23:15 --> Session: Class initialized using 'CodeIgniter\Session\Handlers\FileHandler' driver.
ERROR - 2024-01-26 13:23:15 --> mysqli_sql_exception: Column 'id_usuario' cannot be null in C:\xampp\htdocs\Wallapop\system\Database\MySQLi\Connection.php:306
Stack trace:
#0 C:\xampp\htdocs\Wallapop\system\Database\MySQLi\Connection.php(306): mysqli->query('INSERT INTO `ar...', 0)
#1 C:\xampp\htdocs\Wallapop\system\Database\BaseConnection.php(693): CodeIgniter\Database\MySQLi\Connection->execute('INSERT INTO `ar...')
#2 C:\xampp\htdocs\Wallapop\system\Database\BaseConnection.php(607): CodeIgniter\Database\BaseConnection->simpleQuery('INSERT INTO `ar...')
#3 C:\xampp\htdocs\Wallapop\system\Database\BaseBuilder.php(2308): CodeIgniter\Database\BaseConnection->query('INSERT INTO `ar...', Array, false)
#4 C:\xampp\htdocs\Wallapop\system\Model.php(319): CodeIgniter\Database\BaseBuilder->insert()
#5 C:\xampp\htdocs\Wallapop\system\BaseModel.php(788): CodeIgniter\Model->doInsert(Array)
#6 C:\xampp\htdocs\Wallapop\system\Model.php(715): CodeIgniter\BaseModel->insert(Array, false)
#7 C:\xampp\htdocs\Wallapop\system\BaseModel.php(698): CodeIgniter\Model->insert(Array, false)
#8 C:\xampp\htdocs\Wallapop\app\Controllers\Articulos.php(53): CodeIgniter\BaseModel->save(Array)
#9 C:\xampp\htdocs\Wallapop\system\CodeIgniter.php(942): App\Controllers\Articulos->guardar()
#10 C:\xampp\htdocs\Wallapop\system\CodeIgniter.php(502): CodeIgniter\CodeIgniter->runController(Object(App\Controllers\Articulos))
#11 C:\xampp\htdocs\Wallapop\system\CodeIgniter.php(361): CodeIgniter\CodeIgniter->handleRequest(NULL, Object(Config\Cache), false)
#12 C:\xampp\htdocs\Wallapop\public\index.php(79): CodeIgniter\CodeIgniter->run()
#13 {main}
CRITICAL - 2024-01-26 13:23:15 --> Column 'id_usuario' cannot be null
in SYSTEMPATH\Database\BaseConnection.php on line 647.
 1 SYSTEMPATH\Database\BaseBuilder.php(2308): CodeIgniter\Database\BaseConnection->query('INSERT INTO `articulos` (`nombre`, `marca`, `precio`, `imagen`, `id_usuario`) VALUES (:nombre:, :marca:, :precio:, :imagen:, :id_usuario:)', [...], false)
 2 SYSTEMPATH\Model.php(319): CodeIgniter\Database\BaseBuilder->insert()
 3 SYSTEMPATH\BaseModel.php(788): CodeIgniter\Model->doInsert([...])
 4 SYSTEMPATH\Model.php(715): CodeIgniter\BaseModel->insert([...], false)
 5 SYSTEMPATH\BaseModel.php(698): CodeIgniter\Model->insert([...], false)
 6 APPPATH\Controllers\Articulos.php(53): CodeIgniter\BaseModel->save([...])
 7 SYSTEMPATH\CodeIgniter.php(942): App\Controllers\Articulos->guardar()
 8 SYSTEMPATH\CodeIgniter.php(502): CodeIgniter\CodeIgniter->runController(Object(App\Controllers\Articulos))
 9 SYSTEMPATH\CodeIgniter.php(361): CodeIgniter\CodeIgniter->handleRequest(null, Object(Config\Cache), false)
10 FCPATH\index.php(79): CodeIgniter\CodeIgniter->run()
INFO - 2024-01-26 13:24:19 --> Session: Class initialized using 'CodeIgniter\Session\Handlers\FileHandler' driver.
INFO - 2024-01-26 13:24:42 --> Session: Class initialized using 'CodeIgniter\Session\Handlers\FileHandler' driver.
ERROR - 2024-01-26 13:24:42 --> mysqli_sql_exception: Column 'id_usuario' cannot be null in C:\xampp\htdocs\Wallapop\system\Database\MySQLi\Connection.php:306
Stack trace:
#0 C:\xampp\htdocs\Wallapop\system\Database\MySQLi\Connection.php(306): mysqli->query('INSERT INTO `ar...', 0)
#1 C:\xampp\htdocs\Wallapop\system\Database\BaseConnection.php(693): CodeIgniter\Database\MySQLi\Connection->execute('INSERT INTO `ar...')
#2 C:\xampp\htdocs\Wallapop\system\Database\BaseConnection.php(607): CodeIgniter\Database\BaseConnection->simpleQuery('INSERT INTO `ar...')
#3 C:\xampp\htdocs\Wallapop\system\Database\BaseBuilder.php(2308): CodeIgniter\Database\BaseConnection->query('INSERT INTO `ar...', Array, false)
#4 C:\xampp\htdocs\Wallapop\system\Model.php(319): CodeIgniter\Database\BaseBuilder->insert()
#5 C:\xampp\htdocs\Wallapop\system\BaseModel.php(788): CodeIgniter\Model->doInsert(Array)
#6 C:\xampp\htdocs\Wallapop\system\Model.php(715): CodeIgniter\BaseModel->insert(Array, false)
#7 C:\xampp\htdocs\Wallapop\system\BaseModel.php(698): CodeIgniter\Model->insert(Array, false)
#8 C:\xampp\htdocs\Wallapop\app\Controllers\Articulos.php(51): CodeIgniter\BaseModel->save(Array)
#9 C:\xampp\htdocs\Wallapop\system\CodeIgniter.php(942): App\Controllers\Articulos->guardar()
#10 C:\xampp\htdocs\Wallapop\system\CodeIgniter.php(502): CodeIgniter\CodeIgniter->runController(Object(App\Controllers\Articulos))
#11 C:\xampp\htdocs\Wallapop\system\CodeIgniter.php(361): CodeIgniter\CodeIgniter->handleRequest(NULL, Object(Config\Cache), false)
#12 C:\xampp\htdocs\Wallapop\public\index.php(79): CodeIgniter\CodeIgniter->run()
#13 {main}
CRITICAL - 2024-01-26 13:24:42 --> Column 'id_usuario' cannot be null
in SYSTEMPATH\Database\BaseConnection.php on line 647.
 1 SYSTEMPATH\Database\BaseBuilder.php(2308): CodeIgniter\Database\BaseConnection->query('INSERT INTO `articulos` (`nombre`, `marca`, `precio`, `imagen`, `id_usuario`) VALUES (:nombre:, :marca:, :precio:, :imagen:, :id_usuario:)', [...], false)
 2 SYSTEMPATH\Model.php(319): CodeIgniter\Database\BaseBuilder->insert()
 3 SYSTEMPATH\BaseModel.php(788): CodeIgniter\Model->doInsert([...])
 4 SYSTEMPATH\Model.php(715): CodeIgniter\BaseModel->insert([...], false)
 5 SYSTEMPATH\BaseModel.php(698): CodeIgniter\Model->insert([...], false)
 6 APPPATH\Controllers\Articulos.php(51): CodeIgniter\BaseModel->save([...])
 7 SYSTEMPATH\CodeIgniter.php(942): App\Controllers\Articulos->guardar()
 8 SYSTEMPATH\CodeIgniter.php(502): CodeIgniter\CodeIgniter->runController(Object(App\Controllers\Articulos))
 9 SYSTEMPATH\CodeIgniter.php(361): CodeIgniter\CodeIgniter->handleRequest(null, Object(Config\Cache), false)
10 FCPATH\index.php(79): CodeIgniter\CodeIgniter->run()
INFO - 2024-01-26 13:25:51 --> Session: Class initialized using 'CodeIgniter\Session\Handlers\FileHandler' driver.
INFO - 2024-01-26 13:25:59 --> Session: Class initialized using 'CodeIgniter\Session\Handlers\FileHandler' driver.
INFO - 2024-01-26 13:27:14 --> Session: Class initialized using 'CodeIgniter\Session\Handlers\FileHandler' driver.
INFO - 2024-01-26 13:27:35 --> Session: Class initialized using 'CodeIgniter\Session\Handlers\FileHandler' driver.
ERROR - 2024-01-26 13:27:35 --> mysqli_sql_exception: Column 'id_usuario' cannot be null in C:\xampp\htdocs\Wallapop\system\Database\MySQLi\Connection.php:306
Stack trace:
#0 C:\xampp\htdocs\Wallapop\system\Database\MySQLi\Connection.php(306): mysqli->query('INSERT INTO `ar...', 0)
#1 C:\xampp\htdocs\Wallapop\system\Database\BaseConnection.php(693): CodeIgniter\Database\MySQLi\Connection->execute('INSERT INTO `ar...')
#2 C:\xampp\htdocs\Wallapop\system\Database\BaseConnection.php(607): CodeIgniter\Database\BaseConnection->simpleQuery('INSERT INTO `ar...')
#3 C:\xampp\htdocs\Wallapop\system\Database\BaseBuilder.php(2308): CodeIgniter\Database\BaseConnection->query('INSERT INTO `ar...', Array, false)
#4 C:\xampp\htdocs\Wallapop\system\Model.php(319): CodeIgniter\Database\BaseBuilder->insert()
#5 C:\xampp\htdocs\Wallapop\system\BaseModel.php(788): CodeIgniter\Model->doInsert(Array)
#6 C:\xampp\htdocs\Wallapop\system\Model.php(715): CodeIgniter\BaseModel->insert(Array, false)
#7 C:\xampp\htdocs\Wallapop\system\BaseModel.php(698): CodeIgniter\Model->insert(Array, false)
#8 C:\xampp\htdocs\Wallapop\app\Controllers\Articulos.php(50): CodeIgniter\BaseModel->save(Array)
#9 C:\xampp\htdocs\Wallapop\system\CodeIgniter.php(942): App\Controllers\Articulos->guardar()
#10 C:\xampp\htdocs\Wallapop\system\CodeIgniter.php(502): CodeIgniter\CodeIgniter->runController(Object(App\Controllers\Articulos))
#11 C:\xampp\htdocs\Wallapop\system\CodeIgniter.php(361): CodeIgniter\CodeIgniter->handleRequest(NULL, Object(Config\Cache), false)
#12 C:\xampp\htdocs\Wallapop\public\index.php(79): CodeIgniter\CodeIgniter->run()
#13 {main}
CRITICAL - 2024-01-26 13:27:35 --> Column 'id_usuario' cannot be null
in SYSTEMPATH\Database\BaseConnection.php on line 647.
 1 SYSTEMPATH\Database\BaseBuilder.php(2308): CodeIgniter\Database\BaseConnection->query('INSERT INTO `articulos` (`nombre`, `marca`, `precio`, `imagen`, `id_usuario`) VALUES (:nombre:, :marca:, :precio:, :imagen:, :id_usuario:)', [...], false)
 2 SYSTEMPATH\Model.php(319): CodeIgniter\Database\BaseBuilder->insert()
 3 SYSTEMPATH\BaseModel.php(788): CodeIgniter\Model->doInsert([...])
 4 SYSTEMPATH\Model.php(715): CodeIgniter\BaseModel->insert([...], false)
 5 SYSTEMPATH\BaseModel.php(698): CodeIgniter\Model->insert([...], false)
 6 APPPATH\Controllers\Articulos.php(50): CodeIgniter\BaseModel->save([...])
 7 SYSTEMPATH\CodeIgniter.php(942): App\Controllers\Articulos->guardar()
 8 SYSTEMPATH\CodeIgniter.php(502): CodeIgniter\CodeIgniter->runController(Object(App\Controllers\Articulos))
 9 SYSTEMPATH\CodeIgniter.php(361): CodeIgniter\CodeIgniter->handleRequest(null, Object(Config\Cache), false)
10 FCPATH\index.php(79): CodeIgniter\CodeIgniter->run()
INFO - 2024-01-26 13:28:50 --> Session: Class initialized using 'CodeIgniter\Session\Handlers\FileHandler' driver.
INFO - 2024-01-26 13:30:23 --> Session: Class initialized using 'CodeIgniter\Session\Handlers\FileHandler' driver.
INFO - 2024-01-26 13:30:34 --> Session: Class initialized using 'CodeIgniter\Session\Handlers\FileHandler' driver.
INFO - 2024-01-26 13:34:29 --> Session: Class initialized using 'CodeIgniter\Session\Handlers\FileHandler' driver.
INFO - 2024-01-26 13:34:50 --> Session: Class initialized using 'CodeIgniter\Session\Handlers\FileHandler' driver.
INFO - 2024-01-26 13:35:17 --> Session: Class initialized using 'CodeIgniter\Session\Handlers\FileHandler' driver.
INFO - 2024-01-26 13:35:32 --> Session: Class initialized using 'CodeIgniter\Session\Handlers\FileHandler' driver.
INFO - 2024-01-26 13:35:49 --> Session: Class initialized using 'CodeIgniter\Session\Handlers\FileHandler' driver.
INFO - 2024-01-26 13:37:43 --> Session: Class initialized using 'CodeIgniter\Session\Handlers\FileHandler' driver.
INFO - 2024-01-26 13:37:47 --> Session: Class initialized using 'CodeIgniter\Session\Handlers\FileHandler' driver.
ERROR - 2024-01-26 17:20:15 --> Error connecting to the database: mysqli_sql_exception: Unknown database 'prueba_ci' in A:\Xampp\htdocs\Wallapop\system\Database\MySQLi\Connection.php:184
Stack trace:
#0 A:\Xampp\htdocs\Wallapop\system\Database\MySQLi\Connection.php(184): mysqli->real_connect('localhost', 'root', Object(SensitiveParameterValue), 'prueba_ci', 3306, '', 0)
#1 A:\Xampp\htdocs\Wallapop\system\Database\BaseConnection.php(392): CodeIgniter\Database\MySQLi\Connection->connect(false)
#2 A:\Xampp\htdocs\Wallapop\system\Database\BaseConnection.php(575): CodeIgniter\Database\BaseConnection->initialize()
#3 A:\Xampp\htdocs\Wallapop\system\Database\BaseBuilder.php(1615): CodeIgniter\Database\BaseConnection->query('SELECT *\nFROM `...', Array, false)
#4 A:\Xampp\htdocs\Wallapop\system\Model.php(237): CodeIgniter\Database\BaseBuilder->get()
#5 A:\Xampp\htdocs\Wallapop\system\BaseModel.php(624): CodeIgniter\Model->doFindAll(0, 0)
#6 A:\Xampp\htdocs\Wallapop\app\Controllers\Articulos.php(61): CodeIgniter\BaseModel->findAll()
#7 A:\Xampp\htdocs\Wallapop\system\CodeIgniter.php(942): App\Controllers\Articulos->lista_articulos()
#8 A:\Xampp\htdocs\Wallapop\system\CodeIgniter.php(502): CodeIgniter\CodeIgniter->runController(Object(App\Controllers\Articulos))
#9 A:\Xampp\htdocs\Wallapop\system\CodeIgniter.php(361): CodeIgniter\CodeIgniter->handleRequest(NULL, Object(Config\Cache), false)
#10 A:\Xampp\htdocs\Wallapop\public\index.php(79): CodeIgniter\CodeIgniter->run()
#11 {main}

Next CodeIgniter\Database\Exceptions\DatabaseException: Unknown database 'prueba_ci' in A:\Xampp\htdocs\Wallapop\system\Database\MySQLi\Connection.php:229
Stack trace:
#0 A:\Xampp\htdocs\Wallapop\system\Database\BaseConnection.php(392): CodeIgniter\Database\MySQLi\Connection->connect(false)
#1 A:\Xampp\htdocs\Wallapop\system\Database\BaseConnection.php(575): CodeIgniter\Database\BaseConnection->initialize()
#2 A:\Xampp\htdocs\Wallapop\system\Database\BaseBuilder.php(1615): CodeIgniter\Database\BaseConnection->query('SELECT *\nFROM `...', Array, false)
#3 A:\Xampp\htdocs\Wallapop\system\Model.php(237): CodeIgniter\Database\BaseBuilder->get()
#4 A:\Xampp\htdocs\Wallapop\system\BaseModel.php(624): CodeIgniter\Model->doFindAll(0, 0)
#5 A:\Xampp\htdocs\Wallapop\app\Controllers\Articulos.php(61): CodeIgniter\BaseModel->findAll()
#6 A:\Xampp\htdocs\Wallapop\system\CodeIgniter.php(942): App\Controllers\Articulos->lista_articulos()
#7 A:\Xampp\htdocs\Wallapop\system\CodeIgniter.php(502): CodeIgniter\CodeIgniter->runController(Object(App\Controllers\Articulos))
#8 A:\Xampp\htdocs\Wallapop\system\CodeIgniter.php(361): CodeIgniter\CodeIgniter->handleRequest(NULL, Object(Config\Cache), false)
#9 A:\Xampp\htdocs\Wallapop\public\index.php(79): CodeIgniter\CodeIgniter->run()
#10 {main}
CRITICAL - 2024-01-26 17:20:15 --> Unable to connect to the database.
Main connection [MySQLi]: Unknown database 'prueba_ci'
in SYSTEMPATH\Database\BaseConnection.php on line 428.
 1 SYSTEMPATH\Database\BaseConnection.php(575): CodeIgniter\Database\BaseConnection->initialize()
 2 SYSTEMPATH\Database\BaseBuilder.php(1615): CodeIgniter\Database\BaseConnection->query('SELECT *
FROM `articulos`', [], false)
 3 SYSTEMPATH\Model.php(237): CodeIgniter\Database\BaseBuilder->get()
 4 SYSTEMPATH\BaseModel.php(624): CodeIgniter\Model->doFindAll(0, 0)
 5 APPPATH\Controllers\Articulos.php(61): CodeIgniter\BaseModel->findAll()
 6 SYSTEMPATH\CodeIgniter.php(942): App\Controllers\Articulos->lista_articulos()
 7 SYSTEMPATH\CodeIgniter.php(502): CodeIgniter\CodeIgniter->runController(Object(App\Controllers\Articulos))
 8 SYSTEMPATH\CodeIgniter.php(361): CodeIgniter\CodeIgniter->handleRequest(null, Object(Config\Cache), false)
 9 FCPATH\index.php(79): CodeIgniter\CodeIgniter->run()
CRITICAL - 2024-01-26 17:20:28 --> Undefined array key "imagen"
in APPPATH\Views\lista_articulos.php on line 8.
 1 APPPATH\Views\lista_articulos.php(8): CodeIgniter\Debug\Exceptions->errorHandler(2, 'Undefined array key "imagen"', 'A:\\Xampp\\htdocs\\Wallapop\\app\\Views\\lista_articulos.php', 8)
 2 SYSTEMPATH\View\View.php(228): include('A:\\Xampp\\htdocs\\Wallapop\\app\\Views\\lista_articulos.php')
 3 SYSTEMPATH\View\View.php(231): CodeIgniter\View\View->CodeIgniter\View\{closure}()
 4 SYSTEMPATH\Common.php(1190): CodeIgniter\View\View->render('lista_articulos', [], true)
 5 APPPATH\Controllers\Articulos.php(63): view('lista_articulos')
 6 SYSTEMPATH\CodeIgniter.php(942): App\Controllers\Articulos->lista_articulos()
 7 SYSTEMPATH\CodeIgniter.php(502): CodeIgniter\CodeIgniter->runController(Object(App\Controllers\Articulos))
 8 SYSTEMPATH\CodeIgniter.php(361): CodeIgniter\CodeIgniter->handleRequest(null, Object(Config\Cache), false)
 9 FCPATH\index.php(79): CodeIgniter\CodeIgniter->run()
CRITICAL - 2024-01-26 17:23:09 --> Undefined array key "imagen"
in APPPATH\Views\lista_articulos.php on line 8.
 1 APPPATH\Views\lista_articulos.php(8): CodeIgniter\Debug\Exceptions->errorHandler(2, 'Undefined array key "imagen"', 'A:\\Xampp\\htdocs\\Wallapop\\app\\Views\\lista_articulos.php', 8)
 2 SYSTEMPATH\View\View.php(228): include('A:\\Xampp\\htdocs\\Wallapop\\app\\Views\\lista_articulos.php')
 3 SYSTEMPATH\View\View.php(231): CodeIgniter\View\View->CodeIgniter\View\{closure}()
 4 SYSTEMPATH\Common.php(1190): CodeIgniter\View\View->render('lista_articulos', [], true)
 5 APPPATH\Controllers\Articulos.php(63): view('lista_articulos')
 6 SYSTEMPATH\CodeIgniter.php(942): App\Controllers\Articulos->lista_articulos()
 7 SYSTEMPATH\CodeIgniter.php(502): CodeIgniter\CodeIgniter->runController(Object(App\Controllers\Articulos))
 8 SYSTEMPATH\CodeIgniter.php(361): CodeIgniter\CodeIgniter->handleRequest(null, Object(Config\Cache), false)
 9 FCPATH\index.php(79): CodeIgniter\CodeIgniter->run()
INFO - 2024-01-26 17:31:06 --> Session: Class initialized using 'CodeIgniter\Session\Handlers\FileHandler' driver.
CRITICAL - 2024-01-26 17:32:14 --> Undefined array key 0
in APPPATH\Controllers\Usuarios.php on line 84.
 1 APPPATH\Controllers\Usuarios.php(84): CodeIgniter\Debug\Exceptions->errorHandler(2, 'Undefined array key 0', 'A:\\Xampp\\htdocs\\Wallapop\\app\\Controllers\\Usuarios.php', 84)
 2 SYSTEMPATH\CodeIgniter.php(942): App\Controllers\Usuarios->validarUsuario()
 3 SYSTEMPATH\CodeIgniter.php(502): CodeIgniter\CodeIgniter->runController(Object(App\Controllers\Usuarios))
 4 SYSTEMPATH\CodeIgniter.php(361): CodeIgniter\CodeIgniter->handleRequest(null, Object(Config\Cache), false)
 5 FCPATH\index.php(79): CodeIgniter\CodeIgniter->run()
CRITICAL - 2024-01-26 17:33:48 --> Undefined array key 0
in APPPATH\Controllers\Usuarios.php on line 84.
 1 APPPATH\Controllers\Usuarios.php(84): CodeIgniter\Debug\Exceptions->errorHandler(2, 'Undefined array key 0', 'A:\\Xampp\\htdocs\\Wallapop\\app\\Controllers\\Usuarios.php', 84)
 2 SYSTEMPATH\CodeIgniter.php(942): App\Controllers\Usuarios->validarUsuario()
 3 SYSTEMPATH\CodeIgniter.php(502): CodeIgniter\CodeIgniter->runController(Object(App\Controllers\Usuarios))
 4 SYSTEMPATH\CodeIgniter.php(361): CodeIgniter\CodeIgniter->handleRequest(null, Object(Config\Cache), false)
 5 FCPATH\index.php(79): CodeIgniter\CodeIgniter->run()
INFO - 2024-01-26 17:37:11 --> Session: Class initialized using 'CodeIgniter\Session\Handlers\FileHandler' driver.
CRITICAL - 2024-01-26 17:37:22 --> Undefined array key 0
in APPPATH\Controllers\Usuarios.php on line 84.
 1 APPPATH\Controllers\Usuarios.php(84): CodeIgniter\Debug\Exceptions->errorHandler(2, 'Undefined array key 0', 'A:\\Xampp\\htdocs\\Wallapop\\app\\Controllers\\Usuarios.php', 84)
 2 SYSTEMPATH\CodeIgniter.php(942): App\Controllers\Usuarios->validarUsuario()
 3 SYSTEMPATH\CodeIgniter.php(502): CodeIgniter\CodeIgniter->runController(Object(App\Controllers\Usuarios))
 4 SYSTEMPATH\CodeIgniter.php(361): CodeIgniter\CodeIgniter->handleRequest(null, Object(Config\Cache), false)
 5 FCPATH\index.php(79): CodeIgniter\CodeIgniter->run()
INFO - 2024-01-26 17:37:35 --> Session: Class initialized using 'CodeIgniter\Session\Handlers\FileHandler' driver.
CRITICAL - 2024-01-26 17:37:44 --> Undefined array key 0
in APPPATH\Controllers\Usuarios.php on line 84.
 1 APPPATH\Controllers\Usuarios.php(84): CodeIgniter\Debug\Exceptions->errorHandler(2, 'Undefined array key 0', 'A:\\Xampp\\htdocs\\Wallapop\\app\\Controllers\\Usuarios.php', 84)
 2 SYSTEMPATH\CodeIgniter.php(942): App\Controllers\Usuarios->validarUsuario()
 3 SYSTEMPATH\CodeIgniter.php(502): CodeIgniter\CodeIgniter->runController(Object(App\Controllers\Usuarios))
 4 SYSTEMPATH\CodeIgniter.php(361): CodeIgniter\CodeIgniter->handleRequest(null, Object(Config\Cache), false)
 5 FCPATH\index.php(79): CodeIgniter\CodeIgniter->run()
CRITICAL - 2024-01-26 17:38:45 --> Undefined array key 0
in APPPATH\Controllers\Usuarios.php on line 84.
 1 APPPATH\Controllers\Usuarios.php(84): CodeIgniter\Debug\Exceptions->errorHandler(2, 'Undefined array key 0', 'A:\\Xampp\\htdocs\\Wallapop\\app\\Controllers\\Usuarios.php', 84)
 2 SYSTEMPATH\CodeIgniter.php(942): App\Controllers\Usuarios->validarUsuario()
 3 SYSTEMPATH\CodeIgniter.php(502): CodeIgniter\CodeIgniter->runController(Object(App\Controllers\Usuarios))
 4 SYSTEMPATH\CodeIgniter.php(361): CodeIgniter\CodeIgniter->handleRequest(null, Object(Config\Cache), false)
 5 FCPATH\index.php(79): CodeIgniter\CodeIgniter->run()
CRITICAL - 2024-01-26 17:39:26 --> Undefined array key 0
in APPPATH\Controllers\Usuarios.php on line 84.
 1 APPPATH\Controllers\Usuarios.php(84): CodeIgniter\Debug\Exceptions->errorHandler(2, 'Undefined array key 0', 'A:\\Xampp\\htdocs\\Wallapop\\app\\Controllers\\Usuarios.php', 84)
 2 SYSTEMPATH\CodeIgniter.php(942): App\Controllers\Usuarios->validarUsuario()
 3 SYSTEMPATH\CodeIgniter.php(502): CodeIgniter\CodeIgniter->runController(Object(App\Controllers\Usuarios))
 4 SYSTEMPATH\CodeIgniter.php(361): CodeIgniter\CodeIgniter->handleRequest(null, Object(Config\Cache), false)
 5 FCPATH\index.php(79): CodeIgniter\CodeIgniter->run()
CRITICAL - 2024-01-26 17:39:58 --> Undefined array key 0
in APPPATH\Controllers\Usuarios.php on line 84.
 1 APPPATH\Controllers\Usuarios.php(84): CodeIgniter\Debug\Exceptions->errorHandler(2, 'Undefined array key 0', 'A:\\Xampp\\htdocs\\Wallapop\\app\\Controllers\\Usuarios.php', 84)
 2 SYSTEMPATH\CodeIgniter.php(942): App\Controllers\Usuarios->validarUsuario()
 3 SYSTEMPATH\CodeIgniter.php(502): CodeIgniter\CodeIgniter->runController(Object(App\Controllers\Usuarios))
 4 SYSTEMPATH\CodeIgniter.php(361): CodeIgniter\CodeIgniter->handleRequest(null, Object(Config\Cache), false)
 5 FCPATH\index.php(79): CodeIgniter\CodeIgniter->run()
CRITICAL - 2024-01-26 17:40:05 --> Undefined array key 0
in APPPATH\Controllers\Usuarios.php on line 84.
 1 APPPATH\Controllers\Usuarios.php(84): CodeIgniter\Debug\Exceptions->errorHandler(2, 'Undefined array key 0', 'A:\\Xampp\\htdocs\\Wallapop\\app\\Controllers\\Usuarios.php', 84)
 2 SYSTEMPATH\CodeIgniter.php(942): App\Controllers\Usuarios->validarUsuario()
 3 SYSTEMPATH\CodeIgniter.php(502): CodeIgniter\CodeIgniter->runController(Object(App\Controllers\Usuarios))
 4 SYSTEMPATH\CodeIgniter.php(361): CodeIgniter\CodeIgniter->handleRequest(null, Object(Config\Cache), false)
 5 FCPATH\index.php(79): CodeIgniter\CodeIgniter->run()
INFO - 2024-01-26 17:40:11 --> Session: Class initialized using 'CodeIgniter\Session\Handlers\FileHandler' driver.
INFO - 2024-01-26 17:41:10 --> Session: Class initialized using 'CodeIgniter\Session\Handlers\FileHandler' driver.
INFO - 2024-01-26 17:41:53 --> Session: Class initialized using 'CodeIgniter\Session\Handlers\FileHandler' driver.
